<?xml version="1.0" encoding="UTF-8"?>
<testng-results ignored="0" total="4" passed="4" failed="0" skipped="0">
  <reporter-output>
  </reporter-output>
  <suite started-at="2022-07-06T05:17:40 UTC" name="Suite" finished-at="2022-07-06T05:17:45 UTC" duration-ms="4825">
    <groups>
      <group name="cucumber">
        <method signature="AbstractTestNGCucumberTests.runScenario(io.cucumber.testng.PickleWrapper,io.cucumber.testng.FeatureWrapper)[pri:0, instance:Runners.TestRunner@5a56cdac]" name="runScenario" class="io.cucumber.testng.AbstractTestNGCucumberTests"/>
      </group> <!-- cucumber -->
    </groups>
    <test started-at="2022-07-06T05:17:40 UTC" name="Test" finished-at="2022-07-06T05:17:45 UTC" duration-ms="4825">
      <class name="Runners.TestRunner">
        <test-method is-config="true" signature="setUpClass(org.testng.ITestContext)[pri:0, instance:Runners.TestRunner@5a56cdac]" started-at="2022-07-06T05:17:40 UTC" name="setUpClass" finished-at="2022-07-06T05:17:41 UTC" duration-ms="586" status="PASS">
          <params>
            <param index="0">
              <value>
                <![CDATA[org.testng.TestRunner@7676b2b9]]>
              </value>
            </param>
          </params>
          <reporter-output>
          </reporter-output>
        </test-method> <!-- setUpClass -->
        <test-method signature="runScenario(io.cucumber.testng.PickleWrapper,io.cucumber.testng.FeatureWrapper)[pri:0, instance:Runners.TestRunner@5a56cdac]" started-at="2022-07-06T05:17:41 UTC" name="runScenario" description="Runs Cucumber Scenarios" data-provider="scenarios" finished-at="2022-07-06T05:17:44 UTC" duration-ms="2863" status="PASS">
          <params>
            <param index="0">
              <value>
                <![CDATA["Verify Create user API Successfully"]]>
              </value>
            </param>
            <param index="1">
              <value>
                <![CDATA["Verify Basic Auth & Bearer Token Functionality"]]>
              </value>
            </param>
          </params>
          <reporter-output>
          </reporter-output>
        </test-method> <!-- runScenario -->
        <test-method signature="runScenario(io.cucumber.testng.PickleWrapper,io.cucumber.testng.FeatureWrapper)[pri:0, instance:Runners.TestRunner@5a56cdac]" started-at="2022-07-06T05:17:44 UTC" name="runScenario" description="Runs Cucumber Scenarios" data-provider="scenarios" finished-at="2022-07-06T05:17:44 UTC" duration-ms="360" status="PASS">
          <params>
            <param index="0">
              <value>
                <![CDATA["Verify if Getbookstore api functionality its working"]]>
              </value>
            </param>
            <param index="1">
              <value>
                <![CDATA["Verify Basic Auth & Bearer Token Functionality"]]>
              </value>
            </param>
          </params>
          <reporter-output>
          </reporter-output>
        </test-method> <!-- runScenario -->
        <test-method signature="runScenario(io.cucumber.testng.PickleWrapper,io.cucumber.testng.FeatureWrapper)[pri:0, instance:Runners.TestRunner@5a56cdac]" started-at="2022-07-06T05:17:44 UTC" name="runScenario" description="Runs Cucumber Scenarios" data-provider="scenarios" finished-at="2022-07-06T05:17:45 UTC" duration-ms="409" status="PASS">
          <params>
            <param index="0">
              <value>
                <![CDATA["Verify Create token functionality its working"]]>
              </value>
            </param>
            <param index="1">
              <value>
                <![CDATA["Verify Basic Auth & Bearer Token Functionality"]]>
              </value>
            </param>
          </params>
          <reporter-output>
          </reporter-output>
        </test-method> <!-- runScenario -->
        <test-method signature="runScenario(io.cucumber.testng.PickleWrapper,io.cucumber.testng.FeatureWrapper)[pri:0, instance:Runners.TestRunner@5a56cdac]" started-at="2022-07-06T05:17:45 UTC" name="runScenario" description="Runs Cucumber Scenarios" data-provider="scenarios" finished-at="2022-07-06T05:17:45 UTC" duration-ms="366" status="PASS">
          <params>
            <param index="0">
              <value>
                <![CDATA["Verify AssignBook to user API Successfully"]]>
              </value>
            </param>
            <param index="1">
              <value>
                <![CDATA["Verify Basic Auth & Bearer Token Functionality"]]>
              </value>
            </param>
          </params>
          <reporter-output>
          </reporter-output>
        </test-method> <!-- runScenario -->
        <test-method is-config="true" signature="tearDownClass()[pri:0, instance:Runners.TestRunner@5a56cdac]" started-at="2022-07-06T05:17:45 UTC" name="tearDownClass" finished-at="2022-07-06T05:17:45 UTC" duration-ms="183" status="PASS">
          <reporter-output>
          </reporter-output>
        </test-method> <!-- tearDownClass -->
      </class> <!-- Runners.TestRunner -->
    </test> <!-- Test -->
  </suite> <!-- Suite -->
</testng-results>
