<?xml version="1.0" encoding="UTF-8"?>
<testng-results ignored="0" total="4" passed="4" failed="0" skipped="0">
  <reporter-output>
  </reporter-output>
  <suite started-at="2022-07-06T05:22:37 UTC" name="Suite" finished-at="2022-07-06T05:22:43 UTC" duration-ms="5529">
    <groups>
      <group name="cucumber">
        <method signature="AbstractTestNGCucumberTests.runScenario(io.cucumber.testng.PickleWrapper,io.cucumber.testng.FeatureWrapper)[pri:0, instance:Runners.TestRunner@7c711375]" name="runScenario" class="io.cucumber.testng.AbstractTestNGCucumberTests"/>
      </group> <!-- cucumber -->
    </groups>
    <test started-at="2022-07-06T05:22:37 UTC" name="Test" finished-at="2022-07-06T05:22:43 UTC" duration-ms="5529">
      <class name="Runners.TestRunner">
        <test-method is-config="true" signature="setUpClass(org.testng.ITestContext)[pri:0, instance:Runners.TestRunner@7c711375]" started-at="2022-07-06T05:22:37 UTC" name="setUpClass" finished-at="2022-07-06T05:22:38 UTC" duration-ms="580" status="PASS">
          <params>
            <param index="0">
              <value>
                <![CDATA[org.testng.TestRunner@665f88e1]]>
              </value>
            </param>
          </params>
          <reporter-output>
          </reporter-output>
        </test-method> <!-- setUpClass -->
        <test-method signature="runScenario(io.cucumber.testng.PickleWrapper,io.cucumber.testng.FeatureWrapper)[pri:0, instance:Runners.TestRunner@7c711375]" started-at="2022-07-06T05:22:38 UTC" name="runScenario" description="Runs Cucumber Scenarios" data-provider="scenarios" finished-at="2022-07-06T05:22:41 UTC" duration-ms="3327" status="PASS">
          <params>
            <param index="0">
              <value>
                <![CDATA["Verify Create user API Successfully"]]>
              </value>
            </param>
            <param index="1">
              <value>
                <![CDATA["Verify Basic Auth & Bearer Token Functionality"]]>
              </value>
            </param>
          </params>
          <reporter-output>
          </reporter-output>
        </test-method> <!-- runScenario -->
        <test-method signature="runScenario(io.cucumber.testng.PickleWrapper,io.cucumber.testng.FeatureWrapper)[pri:0, instance:Runners.TestRunner@7c711375]" started-at="2022-07-06T05:22:41 UTC" name="runScenario" description="Runs Cucumber Scenarios" data-provider="scenarios" finished-at="2022-07-06T05:22:41 UTC" duration-ms="402" status="PASS">
          <params>
            <param index="0">
              <value>
                <![CDATA["Verify if Getbookstore api functionality its working"]]>
              </value>
            </param>
            <param index="1">
              <value>
                <![CDATA["Verify Basic Auth & Bearer Token Functionality"]]>
              </value>
            </param>
          </params>
          <reporter-output>
          </reporter-output>
        </test-method> <!-- runScenario -->
        <test-method signature="runScenario(io.cucumber.testng.PickleWrapper,io.cucumber.testng.FeatureWrapper)[pri:0, instance:Runners.TestRunner@7c711375]" started-at="2022-07-06T05:22:41 UTC" name="runScenario" description="Runs Cucumber Scenarios" data-provider="scenarios" finished-at="2022-07-06T05:22:42 UTC" duration-ms="388" status="PASS">
          <params>
            <param index="0">
              <value>
                <![CDATA["Verify Create token functionality its working"]]>
              </value>
            </param>
            <param index="1">
              <value>
                <![CDATA["Verify Basic Auth & Bearer Token Functionality"]]>
              </value>
            </param>
          </params>
          <reporter-output>
          </reporter-output>
        </test-method> <!-- runScenario -->
        <test-method signature="runScenario(io.cucumber.testng.PickleWrapper,io.cucumber.testng.FeatureWrapper)[pri:0, instance:Runners.TestRunner@7c711375]" started-at="2022-07-06T05:22:42 UTC" name="runScenario" description="Runs Cucumber Scenarios" data-provider="scenarios" finished-at="2022-07-06T05:22:42 UTC" duration-ms="360" status="PASS">
          <params>
            <param index="0">
              <value>
                <![CDATA["Verify AssignBook to user API Successfully"]]>
              </value>
            </param>
            <param index="1">
              <value>
                <![CDATA["Verify Basic Auth & Bearer Token Functionality"]]>
              </value>
            </param>
          </params>
          <reporter-output>
          </reporter-output>
        </test-method> <!-- runScenario -->
        <test-method is-config="true" signature="tearDownClass()[pri:0, instance:Runners.TestRunner@7c711375]" started-at="2022-07-06T05:22:42 UTC" name="tearDownClass" finished-at="2022-07-06T05:22:43 UTC" duration-ms="428" status="PASS">
          <reporter-output>
          </reporter-output>
        </test-method> <!-- tearDownClass -->
      </class> <!-- Runners.TestRunner -->
    </test> <!-- Test -->
  </suite> <!-- Suite -->
</testng-results>
