<?xml version="1.0" encoding="UTF-8"?>
<testsuite xmlns:xsi="http://www.w3.org/2001/XMLSchema-instance" xsi:noNamespaceSchemaLocation="https://maven.apache.org/surefire/maven-surefire-plugin/xsd/surefire-test-report-3.0.xsd" version="3.0" name="TestSuite" time="5.272" tests="4" errors="0" skipped="0" failures="0">
  <properties>
[...]
</properties>
  <testcase name="runScenario[&quot;Verify Create user API Successfully&quot;, &quot;Verify Basic Auth &amp; Bearer Token Functionality&quot;](1)" classname="Runners.TestRunner" time="2.866">
    <system-out><![CDATA[
@smoketest
Scenario Outline: Verify Create user API Successfully             # src/test/java/Feature/BasicAuth_Bearer.feature:11
  Given add user with username and password                       # StepDefinations.sample.add_user_payload()
apiresource/Account/v1/User
Response is io.restassured.internal.ResponseSpecificationImpl@2037f12b
io.restassured.internal.RestAssuredResponseImpl@301d84f6
userID is -->9502c736-9289-468d-bc5b-d441dd2e3610
username is -->Mrs. Calvin Padberg
  When user are call "postcreateuserapi" with "post" http request # StepDefinations.sample.getBooksapi(java.lang.String,java.lang.String)
]]></system-out>
  </testcase>
  <testcase name="runScenario[&quot;Verify if Getbookstore api functionality its working&quot;, &quot;Verify Basic Auth &amp; Bearer Token Functionality&quot;](2)" classname="Runners.TestRunner" time="0.362">
    <system-out><![CDATA[
@smoketest
Scenario: Verify if Getbookstore api functionality its working # src/test/java/Feature/BasicAuth_Bearer.feature:14
apiresource/BookStore/v1/Books
Response is io.restassured.internal.ResponseSpecificationImpl@578198d9
io.restassured.internal.RestAssuredResponseImpl@5eba9e41
isbnid is -->9781593277574
  When user are call "getbooksapi" with "get" http request     # StepDefinations.sample.getBooksapi(java.lang.String,java.lang.String)
200
  Then user verify status code is 200                          # StepDefinations.sample.user_verify_status_code_is(java.lang.Integer)
]]></system-out>
  </testcase>
  <testcase name="runScenario[&quot;Verify Create token functionality its working&quot;, &quot;Verify Basic Auth &amp; Bearer Token Functionality&quot;](3)" classname="Runners.TestRunner" time="0.411">
    <system-out><![CDATA[
@smoketest
Scenario: Verify Create token functionality its working       # src/test/java/Feature/BasicAuth_Bearer.feature:19
  Given add user with username and password to create account # StepDefinations.sample.add_user_payload_create_account()
apiresource/Account/v1/GenerateToken
Response is io.restassured.internal.ResponseSpecificationImpl@355b53cc
io.restassured.internal.RestAssuredResponseImpl@61fa3583
token is -->eyJhbGciOiJIUzI1NiIsInR5cCI6IkpXVCJ9.eyJ1c2VyTmFtZSI6Ik1ycy4gQ2FsdmluIFBhZGJlcmciLCJwYXNzd29yZCI6IlRlc3QxMEBQcmV5YXMiLCJpYXQiOjE2NTcwODQ2NjR9.lK4DUII1uAMIgFViYVgxoRx1FpF631hTVN6n24B_3HA
  When userare call "generate_token" with "post" http request # StepDefinations.sample.createtoken(java.lang.String,java.lang.String)
]]></system-out>
  </testcase>
  <testcase name="runScenario[&quot;Verify AssignBook to user API Successfully&quot;, &quot;Verify Basic Auth &amp; Bearer Token Functionality&quot;](4)" classname="Runners.TestRunner" time="0.367">
    <system-out><![CDATA[
@smoketest
Scenario Outline: Verify AssignBook to user API Successfully               # src/test/java/Feature/BasicAuth_Bearer.feature:24
  Given assignbooktoUSer                                                   # StepDefinations.sample.assignbooktoUSer()
apiresource/BookStore/v1/Books
Response is io.restassured.internal.ResponseSpecificationImpl@61e0f9b9
io.restassured.internal.RestAssuredResponseImpl@182fd26b
Assignbook_isbnid is -->9781593277574
  When user shouldbe call "post_Assign_book_user" with "post" http request # StepDefinations.sample.Booksapi(java.lang.String,java.lang.String)
]]></system-out>
  </testcase>
</testsuite>