<?xml version="1.0" encoding="UTF-8"?>
<testng-results skipped="0" failed="0" ignored="0" total="1" passed="1">
  <reporter-output>
  </reporter-output>
  <suite name="Default suite" duration-ms="6865" started-at="2022-06-08T18:26:12 IST" finished-at="2022-06-08T18:26:19 IST">
    <groups>
      <group name="cucumber">
        <method signature="AbstractTestNGCucumberTests.runScenario(io.cucumber.testng.PickleWrapper,io.cucumber.testng.FeatureWrapper)[pri:0, instance:Runners.TestRunner@2df32bf7]" name="runScenario" class="io.cucumber.testng.AbstractTestNGCucumberTests"/>
      </group> <!-- cucumber -->
    </groups>
    <test name="Default test" duration-ms="6865" started-at="2022-06-08T18:26:12 IST" finished-at="2022-06-08T18:26:19 IST">
      <class name="Runners.TestRunner">
        <test-method status="PASS" signature="setUpClass(org.testng.ITestContext)[pri:0, instance:Runners.TestRunner@2df32bf7]" name="setUpClass" is-config="true" duration-ms="845" started-at="2022-06-08T18:26:12 IST" finished-at="2022-06-08T18:26:13 IST">
          <params>
            <param index="0">
              <value>
                <![CDATA[org.testng.TestRunner@3db6dd52]]>
              </value>
            </param>
          </params>
          <reporter-output>
          </reporter-output>
        </test-method> <!-- setUpClass -->
        <test-method status="PASS" signature="runScenario(io.cucumber.testng.PickleWrapper,io.cucumber.testng.FeatureWrapper)[pri:0, instance:Runners.TestRunner@2df32bf7]" name="runScenario" duration-ms="2799" started-at="2022-06-08T18:26:13 IST" description="Runs Cucumber Scenarios" data-provider="scenarios" finished-at="2022-06-08T18:26:16 IST">
          <params>
            <param index="0">
              <value>
                <![CDATA["Verify Add Place API Successfully"]]>
              </value>
            </param>
            <param index="1">
              <value>
                <![CDATA["Verify Place APIs call"]]>
              </value>
            </param>
          </params>
          <reporter-output>
          </reporter-output>
        </test-method> <!-- runScenario -->
        <test-method status="PASS" signature="tearDownClass()[pri:0, instance:Runners.TestRunner@2df32bf7]" name="tearDownClass" is-config="true" duration-ms="3166" started-at="2022-06-08T18:26:16 IST" finished-at="2022-06-08T18:26:19 IST">
          <reporter-output>
          </reporter-output>
        </test-method> <!-- tearDownClass -->
      </class> <!-- Runners.TestRunner -->
    </test> <!-- Default test -->
  </suite> <!-- Default suite -->
</testng-results>
